生成启动时间为 2017/4/17 9:34:40。
     1>项目“E:\数据结构与算法\数据结构代码\笔试\笔试\笔试.vcxproj”在节点 2 上(Build 个目标)。
     1>ClCompile:
         D:\Program Files (x86)\Microsoft Visual Studio 12.0\VC\bin\CL.exe /c /ZI /nologo /W3 /WX- /sdl /Od /Oy- /D _UNICODE /D UNICODE /Gm /EHsc /RTC1 /MDd /GS /fp:precise /Zc:wchar_t /Zc:forScope /Fo"Debug\\" /Fd"Debug\vc120.pdb" /Gd /TP /analyze- /errorReport:prompt "源.cpp"
         源.cpp
     1>e:\数据结构与算法\数据结构代码\笔试\笔试\源.cpp(39): warning C4018: “<”: 有符号/无符号不匹配
     1>e:\数据结构与算法\数据结构代码\笔试\笔试\源.cpp(47): warning C4018: “<”: 有符号/无符号不匹配
     1>e:\数据结构与算法\数据结构代码\笔试\笔试\源.cpp(240): warning C4018: “<”: 有符号/无符号不匹配
     1>e:\数据结构与算法\数据结构代码\笔试\笔试\源.cpp(251): warning C4018: “<”: 有符号/无符号不匹配
     1>e:\数据结构与算法\数据结构代码\笔试\笔试\源.cpp(313): warning C4018: “<”: 有符号/无符号不匹配
     1>e:\数据结构与算法\数据结构代码\笔试\笔试\源.cpp(321): warning C4018: “<”: 有符号/无符号不匹配
     1>e:\数据结构与算法\数据结构代码\笔试\笔试\源.cpp(413): warning C4018: “<”: 有符号/无符号不匹配
     1>e:\数据结构与算法\数据结构代码\笔试\笔试\源.cpp(550): warning C4018: “<”: 有符号/无符号不匹配
     1>e:\数据结构与算法\数据结构代码\笔试\笔试\源.cpp(596): warning C4018: “<”: 有符号/无符号不匹配
     1>e:\数据结构与算法\数据结构代码\笔试\笔试\源.cpp(704): warning C4018: “<”: 有符号/无符号不匹配
     1>e:\数据结构与算法\数据结构代码\笔试\笔试\源.cpp(436): warning C4715: “FindAndPrint”: 不是所有的控件路径都返回值
       Link:
         D:\Program Files (x86)\Microsoft Visual Studio 12.0\VC\bin\link.exe /ERRORREPORT:PROMPT /OUT:"E:\数据结构与算法\数据结构代码\笔试\Debug\笔试.exe" /INCREMENTAL /NOLOGO kernel32.lib user32.lib gdi32.lib winspool.lib comdlg32.lib advapi32.lib shell32.lib ole32.lib oleaut32.lib uuid.lib odbc32.lib odbccp32.lib /MANIFEST /MANIFESTUAC:"level='asInvoker' uiAccess='false'" /manifest:embed /DEBUG /PDB:"E:\数据结构与算法\数据结构代码\笔试\Debug\笔试.pdb" /TLBID:1 /DYNAMICBASE /NXCOMPAT /IMPLIB:"E:\数据结构与算法\数据结构代码\笔试\Debug\笔试.lib" /MACHINE:X86 "Debug\源.obj"
         笔试.vcxproj -> E:\数据结构与算法\数据结构代码\笔试\Debug\笔试.exe
     1>已完成生成项目“E:\数据结构与算法\数据结构代码\笔试\笔试\笔试.vcxproj”(Build 个目标)的操作。

生成成功。

已用时间 00:00:01.31
