生成启动时间为 2016/9/6 21:29:36。
     1>项目“E:\数据结构代码\Vector\Stud - 表内排序-temp\Stud\Stud.vcxproj”在节点 2 上(Build 个目标)。
     1>ClCompile:
         D:\Program Files (x86)\Microsoft Visual Studio 12.0\VC\bin\CL.exe /c /ZI /nologo /W3 /WX- /sdl /Od /Oy- /D WIN32 /D _DEBUG /D _CONSOLE /D _LIB /D _UNICODE /D UNICODE /D _AFXDLL /Gm /EHsc /RTC1 /MDd /GS /fp:precise /Zc:wchar_t /Zc:forScope /Fo"Debug\\" /Fd"Debug\vc120.pdb" /Gd /TP /analyze- /errorReport:prompt Student.cpp "源.cpp"
         Student.cpp
     1>e:\数据结构代码\vector\stud - 表内排序-temp\stud\student.cpp(97): warning C4018: “<”: 有符号/无符号不匹配
     1>e:\数据结构代码\vector\stud - 表内排序-temp\stud\student.cpp(122): warning C4018: “<”: 有符号/无符号不匹配
     1>e:\数据结构代码\vector\stud - 表内排序-temp\stud\student.cpp(182): warning C4018: “<”: 有符号/无符号不匹配
     1>e:\数据结构代码\vector\stud - 表内排序-temp\stud\student.cpp(202): warning C4018: “<”: 有符号/无符号不匹配
     1>e:\数据结构代码\vector\stud - 表内排序-temp\stud\student.cpp(223): warning C4018: “<”: 有符号/无符号不匹配
     1>e:\数据结构代码\vector\stud - 表内排序-temp\stud\student.cpp(251): warning C4018: “<”: 有符号/无符号不匹配
     1>e:\数据结构代码\vector\stud - 表内排序-temp\stud\student.cpp(261): warning C4018: “<”: 有符号/无符号不匹配
     1>e:\数据结构代码\vector\stud - 表内排序-temp\stud\student.cpp(286): warning C4551: 缺少参数列表的函数调用
         正在生成代码...
         正在跳过...(未检测到相关更改)
         源.cpp
       Link:
         D:\Program Files (x86)\Microsoft Visual Studio 12.0\VC\bin\link.exe /ERRORREPORT:PROMPT /OUT:"E:\数据结构代码\Vector\Stud - 表内排序-temp\Debug\Stud.exe" /INCREMENTAL /NOLOGO opencv_calib3d249.lib opencv_contrib249.lib opencv_core249.lib opencv_features2d249.lib opencv_flann249.lib opencv_gpu249.lib opencv_highgui249.lib opencv_imgproc249.lib opencv_legacy249.lib opencv_objdetect249.lib opencv_ts249.lib opencv_video249.lib opencv_nonfree249.lib opencv_ocl249.lib opencv_photo249.lib opencv_stitching249.lib opencv_superres249.lib opencv_videostab249.lib /MANIFEST /MANIFESTUAC:"level='asInvoker' uiAccess='false'" /manifest:embed /manifestinput:"D:\Program Files (x86)\Microsoft Visual Studio 12.0\VC\Include\Manifest\dpiaware.manifest" /DEBUG /PDB:"E:\数据结构代码\Vector\Stud - 表内排序-temp\Debug\Stud.pdb" /SUBSYSTEM:CONSOLE /TLBID:1 /DYNAMICBASE /NXCOMPAT /IMPLIB:"E:\数据结构代码\Vector\Stud - 表内排序-temp\Debug\Stud.lib" /MACHINE:X86 Debug\Student.obj
         "Debug\源.obj"
         Stud.vcxproj -> E:\数据结构代码\Vector\Stud - 表内排序-temp\Debug\Stud.exe
     1>已完成生成项目“E:\数据结构代码\Vector\Stud - 表内排序-temp\Stud\Stud.vcxproj”(Build 个目标)的操作。

生成成功。

已用时间 00:00:01.48
